
{
  "timestamp": "2024-08-09 13:26:01",
  "level": "INFO",
  "requestId": "10541f24-d419-46c9-8209-e4702d44a78c",
  "method": "GET",
  "url": "/api/province/",
  "message": "Request completed",
  "meta": {
    "headers": {
      "host": "localhost:5000",
      "connection": "keep-alive",
      "cache-control": "max-age=0",
      "sec-ch-ua": "\"Not)A;Brand\";v=\"99\", \"Google Chrome\";v=\"127\", \"Chromium\";v=\"127\"",
      "sec-ch-ua-mobile": "?0",
      "sec-ch-ua-platform": "\"Windows\"",
      "upgrade-insecure-requests": "1",
      "user-agent": "Mozilla/5.0 (Windows NT 10.0; Win64; x64) AppleWebKit/537.36 (KHTML, like Gecko) Chrome/127.0.0.0 Safari/537.36",
      "accept": "text/html,application/xhtml+xml,application/xml;q=0.9,image/avif,image/webp,image/apng,*/*;q=0.8,application/signed-exchange;v=b3;q=0.7",
      "sec-fetch-site": "none",
      "sec-fetch-mode": "navigate",
      "sec-fetch-user": "?1",
      "sec-fetch-dest": "document",
      "accept-encoding": "gzip, deflate, br, zstd",
      "accept-language": "en-US,en;q=0.9",
      "cookie": "woodmart_popup_1=shown; sbjs_migrations=1418474375998%3D1; sbjs_current_add=fd%3D2024-08-09%2006%3A21%3A21%7C%7C%7Cep%3Dhttp%3A%2F%2Flocalhost%2Fbachgia%2F%7C%7C%7Crf%3D%28none%29; sbjs_first_add=fd%3D2024-08-09%2006%3A21%3A21%7C%7C%7Cep%3Dhttp%3A%2F%2Flocalhost%2Fbachgia%2F%7C%7C%7Crf%3D%28none%29; sbjs_current=typ%3Dtypein%7C%7C%7Csrc%3D%28direct%29%7C%7C%7Cmdm%3D%28none%29%7C%7C%7Ccmp%3D%28none%29%7C%7C%7Ccnt%3D%28none%29%7C%7C%7Ctrm%3D%28none%29%7C%7C%7Cid%3D%28none%29; sbjs_first=typ%3Dtypein%7C%7C%7Csrc%3D%28direct%29%7C%7C%7Cmdm%3D%28none%29%7C%7C%7Ccmp%3D%28none%29%7C%7C%7Ccnt%3D%28none%29%7C%7C%7Ctrm%3D%28none%29%7C%7C%7Cid%3D%28none%29; sbjs_udata=vst%3D1%7C%7C%7Cuip%3D%28none%29%7C%7C%7Cuag%3DMozilla%2F5.0%20%28Windows%20NT%2010.0%3B%20Win64%3B%20x64%29%20AppleWebKit%2F537.36%20%28KHTML%2C%20like%20Gecko%29%20Chrome%2F127.0.0.0%20Safari%2F537.36; sbjs_session=pgs%3D1%7C%7C%7Ccpg%3Dhttp%3A%2F%2Flocalhost%2Fbachgia%2F",
      "if-none-match": "W/\"1516-fn0kMbkVzTHKA/7oMw1vi0va7y4\"",
      "x-request-id": "10541f24-d419-46c9-8209-e4702d44a78c"
    },
    "query": {},
    "body": {}
  }
}
